x:\project files\visual studio 2015\projects\sparky\bin\debug\intermediates\vc140.pdb
x:\project files\visual studio 2015\projects\sparky\bin\debug\intermediates\vc140.idb
x:\project files\visual studio 2015\projects\sparky\bin\debug\intermediates\main.obj
x:\project files\visual studio 2015\projects\sparky\bin\debug\intermediates\shader.obj
x:\project files\visual studio 2015\projects\sparky\bin\debug\intermediates\window.obj
x:\project files\visual studio 2015\projects\sparky\bin\debug\intermediates\mat4.obj
x:\project files\visual studio 2015\projects\sparky\bin\debug\intermediates\vec2.obj
x:\project files\visual studio 2015\projects\sparky\bin\debug\intermediates\vec3.obj
x:\project files\visual studio 2015\projects\sparky\bin\debug\intermediates\vec4.obj
x:\project files\visual studio 2015\projects\sparky\bin\debug\sparky-core.pdb
x:\project files\visual studio 2015\projects\sparky\bin\debug\intermediates\sparky-core.tlog\cl.command.1.tlog
x:\project files\visual studio 2015\projects\sparky\bin\debug\intermediates\sparky-core.tlog\cl.read.1.tlog
x:\project files\visual studio 2015\projects\sparky\bin\debug\intermediates\sparky-core.tlog\cl.write.1.tlog
x:\project files\visual studio 2015\projects\sparky\bin\debug\intermediates\sparky-core.tlog\link-cvtres.read.1.tlog
x:\project files\visual studio 2015\projects\sparky\bin\debug\intermediates\sparky-core.tlog\link-cvtres.write.1.tlog
x:\project files\visual studio 2015\projects\sparky\bin\debug\intermediates\sparky-core.tlog\link-rc.read.1.tlog
x:\project files\visual studio 2015\projects\sparky\bin\debug\intermediates\sparky-core.tlog\link-rc.write.1.tlog
x:\project files\visual studio 2015\projects\sparky\bin\debug\intermediates\sparky-core.tlog\link.command.1.tlog
x:\project files\visual studio 2015\projects\sparky\bin\debug\intermediates\sparky-core.tlog\link.read.1.tlog
x:\project files\visual studio 2015\projects\sparky\bin\debug\intermediates\sparky-core.tlog\link.write.1.tlog
